Performing C SOURCE FILE Test CMAKE_HAVE_LIBC_PTHREAD failed with the following output:
Change Dir: C:/Users/root/CLionProjects/m68hc11/cmake-build-debug/CMakeFiles/CMakeScratch/TryCompile-ifyy4o

Run Build Command(s):C:/Program Files/JetBrains/CLion 2022.1.3/bin/ninja/win/x64/ninja.exe cmTC_c8d38 && [1/2] Building C object CMakeFiles\cmTC_c8d38.dir\src.c.obj
FAILED: CMakeFiles/cmTC_c8d38.dir/src.c.obj 
C:\PROGRA~1\MICROS~3\2022\COMMUN~1\VC\Tools\MSVC\1432~1.313\bin\Hostx86\x86\cl.exe  /nologo -DCMAKE_HAVE_LIBC_PTHREAD  /DWIN32 /D_WINDOWS  /Ob0 /Od /RTC1 -MDd -Zi /showIncludes /FoCMakeFiles\cmTC_c8d38.dir\src.c.obj /FdCMakeFiles\cmTC_c8d38.dir\ /FS -c C:\Users\root\CLionProjects\m68hc11\cmake-build-debug\CMakeFiles\CMakeScratch\TryCompile-ifyy4o\src.c
C:\Users\root\CLionProjects\m68hc11\cmake-build-debug\CMakeFiles\CMakeScratch\TryCompile-ifyy4o\src.c(1): fatal error C1083: Cannot open include file: 'pthread.h': No such file or directory
ninja: build stopped: subcommand failed.


Source file was:
#include <pthread.h>

static void* test_func(void* data)
{
  return data;
}

int main(void)
{
  pthread_t thread;
  pthread_create(&thread, NULL, test_func, NULL);
  pthread_detach(thread);
  pthread_cancel(thread);
  pthread_join(thread, NULL);
  pthread_atfork(NULL, NULL, NULL);
  pthread_exit(NULL);

  return 0;
}


Determining if the function pthread_create exists in the pthreads failed with the following output:
Change Dir: C:/Users/root/CLionProjects/m68hc11/cmake-build-debug/CMakeFiles/CMakeScratch/TryCompile-2ysubj

Run Build Command(s):C:/Program Files/JetBrains/CLion 2022.1.3/bin/ninja/win/x64/ninja.exe cmTC_b7608 && [1/2] Building C object CMakeFiles\cmTC_b7608.dir\CheckFunctionExists.c.obj
[2/2] Linking C executable cmTC_b7608.exe
FAILED: cmTC_b7608.exe 
cmd.exe /C "cd . && "C:\Program Files\JetBrains\CLion 2022.1.3\bin\cmake\win\x64\bin\cmake.exe" -E vs_link_exe --intdir=CMakeFiles\cmTC_b7608.dir --rc=C:\PROGRA~2\WI3CF2~1\10\bin\100226~1.0\x86\rc.exe --mt=C:\PROGRA~2\WI3CF2~1\10\bin\100226~1.0\x86\mt.exe --manifests  -- C:\PROGRA~1\MICROS~3\2022\COMMUN~1\VC\Tools\MSVC\1432~1.313\bin\Hostx86\x86\link.exe /nologo CMakeFiles\cmTC_b7608.dir\CheckFunctionExists.c.obj  /out:cmTC_b7608.exe /implib:cmTC_b7608.lib /pdb:cmTC_b7608.pdb /version:0.0 /machine:X86  /debug /INCREMENTAL /subsystem:console  pthreads.lib  kernel32.lib user32.lib gdi32.lib winspool.lib shell32.lib ole32.lib oleaut32.lib uuid.lib comdlg32.lib advapi32.lib && cd ."
LINK Pass 1: command "C:\PROGRA~1\MICROS~3\2022\COMMUN~1\VC\Tools\MSVC\1432~1.313\bin\Hostx86\x86\link.exe /nologo CMakeFiles\cmTC_b7608.dir\CheckFunctionExists.c.obj /out:cmTC_b7608.exe /implib:cmTC_b7608.lib /pdb:cmTC_b7608.pdb /version:0.0 /machine:X86 /debug /INCREMENTAL /subsystem:console pthreads.lib kernel32.lib user32.lib gdi32.lib winspool.lib shell32.lib ole32.lib oleaut32.lib uuid.lib comdlg32.lib advapi32.lib /MANIFEST /MANIFESTFILE:CMakeFiles\cmTC_b7608.dir/intermediate.manifest CMakeFiles\cmTC_b7608.dir/manifest.res" failed (exit code 1104) with the following output:
LINK : fatal error LNK1104: cannot open file 'pthreads.lib'
ninja: build stopped: subcommand failed.



Determining if the function pthread_create exists in the pthread failed with the following output:
Change Dir: C:/Users/root/CLionProjects/m68hc11/cmake-build-debug/CMakeFiles/CMakeScratch/TryCompile-42scul

Run Build Command(s):C:/Program Files/JetBrains/CLion 2022.1.3/bin/ninja/win/x64/ninja.exe cmTC_9f905 && [1/2] Building C object CMakeFiles\cmTC_9f905.dir\CheckFunctionExists.c.obj
[2/2] Linking C executable cmTC_9f905.exe
FAILED: cmTC_9f905.exe 
cmd.exe /C "cd . && "C:\Program Files\JetBrains\CLion 2022.1.3\bin\cmake\win\x64\bin\cmake.exe" -E vs_link_exe --intdir=CMakeFiles\cmTC_9f905.dir --rc=C:\PROGRA~2\WI3CF2~1\10\bin\100226~1.0\x86\rc.exe --mt=C:\PROGRA~2\WI3CF2~1\10\bin\100226~1.0\x86\mt.exe --manifests  -- C:\PROGRA~1\MICROS~3\2022\COMMUN~1\VC\Tools\MSVC\1432~1.313\bin\Hostx86\x86\link.exe /nologo CMakeFiles\cmTC_9f905.dir\CheckFunctionExists.c.obj  /out:cmTC_9f905.exe /implib:cmTC_9f905.lib /pdb:cmTC_9f905.pdb /version:0.0 /machine:X86  /debug /INCREMENTAL /subsystem:console  pthread.lib  kernel32.lib user32.lib gdi32.lib winspool.lib shell32.lib ole32.lib oleaut32.lib uuid.lib comdlg32.lib advapi32.lib && cd ."
LINK Pass 1: command "C:\PROGRA~1\MICROS~3\2022\COMMUN~1\VC\Tools\MSVC\1432~1.313\bin\Hostx86\x86\link.exe /nologo CMakeFiles\cmTC_9f905.dir\CheckFunctionExists.c.obj /out:cmTC_9f905.exe /implib:cmTC_9f905.lib /pdb:cmTC_9f905.pdb /version:0.0 /machine:X86 /debug /INCREMENTAL /subsystem:console pthread.lib kernel32.lib user32.lib gdi32.lib winspool.lib shell32.lib ole32.lib oleaut32.lib uuid.lib comdlg32.lib advapi32.lib /MANIFEST /MANIFESTFILE:CMakeFiles\cmTC_9f905.dir/intermediate.manifest CMakeFiles\cmTC_9f905.dir/manifest.res" failed (exit code 1104) with the following output:
LINK : fatal error LNK1104: cannot open file 'pthread.lib'
ninja: build stopped: subcommand failed.



